<?xml version="1.0" encoding="UTF-8"?>
<!-- Generated by org.testng.reporters.JUnitReportReporter -->
<testsuite skipped="0" hostname="Mandeeps-MBP" name="com.upgrade.apitests.StateAPITests" tests="1" failures="0" timestamp="25 Jul 2019 01:12:58 GMT" time="3.184" errors="0">
  <testcase name="givenEndPoint_whenRequested_thenPGeorgiaIsWithMinLoanAmount3005" time="3.184" classname="com.upgrade.apitests.StateAPITests"/>
</testsuite> <!-- com.upgrade.apitests.StateAPITests -->
