<?xml version="1.0" encoding="UTF-8"?>
<!-- Generated by org.testng.reporters.JUnitReportReporter -->
<testsuite skipped="0" hostname="Mandeeps-MBP" name="upgradetest.NewTest" tests="1" failures="0" timestamp="2019-07-18T22:32:18 EDT" time="8.483" errors="0">
  <testcase name="firstTest" time="8.483" classname="upgradetest.NewTest"/>
</testsuite> <!-- upgradetest.NewTest -->
