<?xml version="1.0" encoding="UTF-8"?>
<!-- Generated by org.testng.reporters.JUnitReportReporter -->
<testsuite skipped="0" hostname="Mandeeps-MBP" name="serviceTests.NewTest" tests="3" failures="0" timestamp="24 Jul 2019 01:45:10 GMT" time="4.696" errors="0">
  <testcase name="givenRequest_whenRequested_thenPGeorgiaIsWithMinLoanAmount3005" time="3.436" classname="serviceTests.NewTest"/>
  <testcase name="givenRequest_whenRequested_thenValidStatesReturnedWithCount48" time="0.612" classname="serviceTests.NewTest"/>
  <testcase name="givenRequest_whenRequested_thenPrintStateWhereMinAge19" time="0.648" classname="serviceTests.NewTest"/>
</testsuite> <!-- serviceTests.NewTest -->
