<?xml version="1.0" encoding="UTF-8"?>
<!-- Generated by org.testng.reporters.JUnitReportReporter -->
<testsuite skipped="0" hostname="Mandeeps-MBP" name="com.upgrade.uitests.UpgradePersonalLoanTests" tests="1" failures="0" timestamp="2019-07-25T19:04:05 EDT" time="18.786" errors="0">
  <testcase name="test_loanAmount_APR_monthlyPaymentCorrectlyDisplayedAfterLogin" time="18.786" classname="com.upgrade.uitests.UpgradePersonalLoanTests"/>
</testsuite> <!-- com.upgrade.uitests.UpgradePersonalLoanTests -->
