<?xml version="1.0" encoding="UTF-8"?>
<!-- Generated by org.testng.reporters.JUnitReportReporter -->
<testsuite skipped="0" hostname="Mandeeps-MBP" name="com.upgrade.apitests.StateAPITests" tests="3" failures="0" timestamp="2019-07-25T19:04:05 EDT" time="4.285" errors="0">
  <testcase name="verifyThatAllValidStatesCanBeFoundWithCount48" time="0.808" classname="com.upgrade.apitests.StateAPITests"/>
  <testcase name="givenEndPoint_whenRequested_thenPrintStateWhereMinAge19" time="0.909" classname="com.upgrade.apitests.StateAPITests"/>
  <testcase name="givenEndPoint_whenRequested_thenPGeorgiaIsWithMinLoanAmount3005" time="2.568" classname="com.upgrade.apitests.StateAPITests"/>
</testsuite> <!-- com.upgrade.apitests.StateAPITests -->
